#
# A fatal error has been detected by the Java Runtime Environment:
#
#  EXCEPTION_ACCESS_VIOLATION (0xc0000005) at pc=0x00000000718024cc, pid=6356, tid=11276
#
# JRE version: Java(TM) SE Runtime Environment (7.0_45-b18) (build 1.7.0_45-b18)
# Java VM: Java HotSpot(TM) 64-Bit Server VM (24.45-b08 mixed mode windows-amd64 compressed oops)
# Problematic frame:
# V  [jvm.dll+0x1424cc]
#
# Failed to write core dump. Minidumps are not enabled by default on client versions of Windows
#
# If you would like to submit a bug report, please visit:
#   http://bugreport.sun.com/bugreport/crash.jsp
#

---------------  T H R E A D  ---------------

Current thread (0x0000000008d71000):  JavaThread "JDWP Transport Listener: dt_socket" daemon [_thread_in_vm, id=11276, stack(0x000000000a2c0000,0x000000000a3c0000)]

siginfo: ExceptionCode=0xc0000005, reading address 0xffffffffffffffff

Registers:
RAX=0x00000000bcebfbb8, RBX=0x0000000008d969a8, RCX=0x00000000bcebfbc8, RDX=0x00000000bcebfb60
RSP=0x000000000a3befe0, RBP=0x000000000a9f14a0, RSI=0x000000000a3bf0f8, RDI=0x0000000002fdbe90
R8 =0x0000000008d71000, R9 =0x0000000000008000, R10=0x0000000000000000, R11=0x000000000a9f43eb
R12=0x0000000000000000, R13=0x0000000008d67ad8, R14=0x0000000000000000, R15=0x0000000000000000
RIP=0x00000000718024cc, EFLAGS=0x0000000000010206

Top of Stack: (sp=0x000000000a3befe0)
0x000000000a3befe0:   0000000008d71000 000000000000000f
0x000000000a3beff0:   000000000a3bf0a8 00000000719a1039
0x000000000a3bf000:   0000000008d71000 00000000719bebe2
0x000000000a3bf010:   0000000000000000 0000000072418e89
0x000000000a3bf020:   0000000008d22d20 000000007242265a
0x000000000a3bf030:   0000000008d71000 0000000000000000
0x000000000a3bf040:   0000000000000000 0000000000000000
0x000000000a3bf050:   000000000a9f14a0 0000000072421751
0x000000000a3bf060:   000000000a3bf0f8 000000000a3bf0d0
0x000000000a3bf070:   0000000000000001 0000000008d22d20
0x000000000a3bf080:   000000000a9f14a0 00000000724053b3
0x000000000a3bf090:   000000000a3bf1c0 0000000000000001
0x000000000a3bf0a0:   0000000000000001 0000000008d22d20
0x000000000a3bf0b0:   0000000000000009 0000000000000000
0x000000000a3bf0c0:   0000000000000000 0000000000000000
0x000000000a3bf0d0:   0000000000000001 0000000072405571 

Instructions: (pc=0x00000000718024cc)
0x00000000718024ac:   43 08 8b 0d 04 94 5a 00 48 d3 e0 48 03 05 f2 93
0x00000000718024bc:   5a 00 eb 04 48 8b 43 08 48 8b 50 10 48 8d 48 10
0x00000000718024cc:   ff 92 20 01 00 00 84 c0 74 09 48 8b c3 48 83 c4
0x00000000718024dc:   20 5b c3 33 c0 48 83 c4 20 5b c3 cc cc cc cc cc 


Register to memory mapping:

RAX=0x00000000bcebfbb8 is an oop
{method} 
 - klass: {other class}
RBX=0x0000000008d969a8 is a weak global jni handle
RCX=0x00000000bcebfbc8 is pointing into object: 0x00000000bcebfbb8
{method} 
 - klass: {other class}
RDX=0x00000000bcebfb60 is an oop
{constMethod} 
 - klass: {other class}
 - constants:       0x00000000bcec25c8 constant pool [305] for 'java璇瑷/瀵规//FileUtils' (extra) cache=0x00000000bcec30d8
RSP=0x000000000a3befe0 is pointing into the stack for thread: 0x0000000008d71000
RBP=0x000000000a9f14a0 is an unknown value
RSI=0x000000000a3bf0f8 is pointing into the stack for thread: 0x0000000008d71000
RDI=0x0000000002fdbe90 is an unknown value
R8 =0x0000000008d71000 is a thread
R9 =0x0000000000008000 is an unknown value
R10=0x0000000000000000 is an unknown value
R11=0x000000000a9f43eb is an unknown value
R12=0x0000000000000000 is an unknown value
R13=0x0000000008d67ad8 is an unknown value
R14=0x0000000000000000 is an unknown value
R15=0x0000000000000000 is an unknown value


Stack: [0x000000000a2c0000,0x000000000a3c0000],  sp=0x000000000a3befe0,  free space=1019k
Native frames: (J=compiled Java code, j=interpreted, Vv=VM code, C=native code)
V  [jvm.dll+0x1424cc]


---------------  P R O C E S S  ---------------

Java Threads: ( => current thread )
  0x0000000008da1800 JavaThread "Service Thread" daemon [_thread_blocked, id=8956, stack(0x000000000a7c0000,0x000000000a8c0000)]
  0x0000000008d99000 JavaThread "C2 CompilerThread1" daemon [_thread_blocked, id=8352, stack(0x000000000a6c0000,0x000000000a7c0000)]
  0x0000000008d97800 JavaThread "C2 CompilerThread0" daemon [_thread_blocked, id=3468, stack(0x000000000a5c0000,0x000000000a6c0000)]
  0x0000000008d81800 JavaThread "JDWP Command Reader" daemon [_thread_in_native, id=10168, stack(0x000000000a4c0000,0x000000000a5c0000)]
  0x0000000008d7e800 JavaThread "JDWP Event Helper Thread" daemon [_thread_blocked, id=916, stack(0x000000000a3c0000,0x000000000a4c0000)]
=>0x0000000008d71000 JavaThread "JDWP Transport Listener: dt_socket" daemon [_thread_in_vm, id=11276, stack(0x000000000a2c0000,0x000000000a3c0000)]
  0x0000000008d69800 JavaThread "Attach Listener" daemon [_thread_blocked, id=1448, stack(0x000000000a1c0000,0x000000000a2c0000)]
  0x0000000008d66000 JavaThread "Signal Dispatcher" daemon [_thread_blocked, id=7272, stack(0x000000000a0c0000,0x000000000a1c0000)]
  0x0000000008d20800 JavaThread "Finalizer" daemon [_thread_blocked, id=10580, stack(0x0000000009fc0000,0x000000000a0c0000)]
  0x0000000008d15800 JavaThread "Reference Handler" daemon [_thread_blocked, id=6856, stack(0x0000000009ec0000,0x0000000009fc0000)]
  0x0000000002e43800 JavaThread "main" [_thread_blocked, id=9240, stack(0x00000000029e0000,0x0000000002ae0000)]

Other Threads:
  0x0000000008d13800 VMThread [stack: 0x0000000009dc0000,0x0000000009ec0000] [id=1708]
  0x000000000a8e3000 WatcherThread [stack: 0x000000000acc0000,0x000000000adc0000] [id=7376]

VM state:not at safepoint (normal execution)

VM Mutex/Monitor currently owned by a thread: None

Heap
 PSYoungGen      total 18944K, used 1316K [0x00000000eb480000, 0x00000000ec980000, 0x0000000100000000)
  eden space 16384K, 8% used [0x00000000eb480000,0x00000000eb5c9030,0x00000000ec480000)
  from space 2560K, 0% used [0x00000000ec700000,0x00000000ec700000,0x00000000ec980000)
  to   space 2560K, 0% used [0x00000000ec480000,0x00000000ec480000,0x00000000ec700000)
 ParOldGen       total 41984K, used 0K [0x00000000c1e00000, 0x00000000c4700000, 0x00000000eb480000)
  object space 41984K, 0% used [0x00000000c1e00000,0x00000000c1e00000,0x00000000c4700000)
 PSPermGen       total 21504K, used 2901K [0x00000000bcc00000, 0x00000000be100000, 0x00000000c1e00000)
  object space 21504K, 13% used [0x00000000bcc00000,0x00000000bced57c8,0x00000000be100000)

Card table byte_map: [0x00000000060a0000,0x00000000062c0000] byte_map_base: 0x0000000005aba000

Polling page: 0x00000000011d0000

Code Cache  [0x0000000002fe0000, 0x0000000003250000, 0x0000000005fe0000)
 total_blobs=179 nmethods=2 adapters=138 free_code_cache=48768Kb largest_free_block=49916288

Compilation events (4 events):
Event: 0.219 Thread 0x0000000008d97800    1             java.lang.String::hashCode (55 bytes)
Event: 0.220 Thread 0x0000000008d99000    2             java.lang.String::indexOf (70 bytes)
Event: 0.228 Thread 0x0000000008d99000 nmethod 2 0x000000000303e810 code [0x000000000303e960, 0x000000000303eb88]
Event: 0.228 Thread 0x0000000008d97800 nmethod 1 0x000000000303e490 code [0x000000000303e5c0, 0x000000000303e738]

GC Heap History (0 events):
No events

Deoptimization events (0 events):
No events

Internal exceptions (2 events):
Event: 0.034 Thread 0x0000000002e43800 Threw 0x00000000eb490788 at C:\re\jdk7u45\229\hotspot\src\share\vm\prims\jni.cpp:3991
Event: 0.227 Thread 0x0000000002e43800 Threw 0x00000000eb55ae00 at C:\re\jdk7u45\229\hotspot\src\share\vm\prims\jvm.cpp:1244

Events (10 events):
Event: 1532.708 Executing VM operation: RedefineClasses
Event: 1532.708 Executing VM operation: RedefineClasses done
Event: 1532.717 Executing VM operation: ChangeBreakpoints
Event: 1532.717 Executing VM operation: ChangeBreakpoints done
Event: 1569.645 Executing VM operation: RedefineClasses
Event: 1569.645 Executing VM operation: RedefineClasses done
Event: 1569.654 Executing VM operation: ChangeBreakpoints
Event: 1569.654 Executing VM operation: ChangeBreakpoints done
Event: 2615.215 Executing VM operation: RedefineClasses
Event: 2615.215 Executing VM operation: RedefineClasses done


Dynamic libraries:
0x00007ff6ec9c0000 - 0x00007ff6ec9f3000 	D:\MyEclipse Professional 2014\binary\com.sun.java.jdk7.win32.x86_64_1.7.0.u45\bin\javaw.exe
0x00007ffa511b0000 - 0x00007ffa5135c000 	C:\windows\SYSTEM32\ntdll.dll
0x00007ffa50ed0000 - 0x00007ffa5100e000 	C:\windows\system32\KERNEL32.DLL
0x00007ffa4e230000 - 0x00007ffa4e345000 	C:\windows\system32\KERNELBASE.dll
0x00007ffa4cb30000 - 0x00007ffa4cbbe000 	C:\windows\system32\apphelp.dll
0x00007ffa38b20000 - 0x00007ffa38b73000 	C:\windows\AppPatch\AppPatch64\AcGenral.DLL
0x00007ffa4e550000 - 0x00007ffa4e5fa000 	C:\windows\system32\msvcrt.dll
0x00007ffa4ddb0000 - 0x00007ffa4ddde000 	C:\windows\SYSTEM32\SspiCli.dll
0x00007ffa51150000 - 0x00007ffa511a4000 	C:\windows\system32\SHLWAPI.dll
0x00007ffa50310000 - 0x00007ffa50487000 	C:\windows\system32\USER32.dll
0x00007ffa50a20000 - 0x00007ffa50bb4000 	C:\windows\system32\ole32.dll
0x00007ffa4ea70000 - 0x00007ffa4ff9b000 	C:\windows\system32\SHELL32.dll
0x00007ffa4d580000 - 0x00007ffa4d5a1000 	C:\windows\SYSTEM32\USERENV.dll
0x00007ffa501f0000 - 0x00007ffa5029a000 	C:\windows\system32\ADVAPI32.dll
0x00007ffa410e0000 - 0x00007ffa410fe000 	C:\windows\SYSTEM32\MPR.dll
0x00007ffa50830000 - 0x00007ffa50971000 	C:\windows\system32\RPCRT4.dll
0x00007ffa509c0000 - 0x00007ffa50a19000 	C:\windows\SYSTEM32\sechost.dll
0x00007ffa4e850000 - 0x00007ffa4ea61000 	C:\windows\SYSTEM32\combase.dll
0x00007ffa4e600000 - 0x00007ffa4e750000 	C:\windows\system32\GDI32.dll
0x00007ffa4df10000 - 0x00007ffa4df25000 	C:\windows\SYSTEM32\profapi.dll
0x00007ffa4c350000 - 0x00007ffa4c402000 	C:\windows\SYSTEM32\SHCORE.dll
0x00007ffa50980000 - 0x00007ffa509b6000 	C:\windows\system32\IMM32.DLL
0x00007ffa50bc0000 - 0x00007ffa50d12000 	C:\windows\system32\MSCTF.dll
0x00007ffa4aea0000 - 0x00007ffa4b11b000 	C:\windows\WinSxS\amd64_microsoft.windows.common-controls_6595b64144ccf1df_6.0.9600.18006_none_623f33d3ecbe86e8\COMCTL32.dll
0x00000000722b0000 - 0x0000000072382000 	D:\MyEclipse Professional 2014\binary\com.sun.java.jdk7.win32.x86_64_1.7.0.u45\jre\bin\msvcr100.dll
0x00000000716c0000 - 0x0000000071e89000 	D:\MyEclipse Professional 2014\binary\com.sun.java.jdk7.win32.x86_64_1.7.0.u45\jre\bin\server\jvm.dll
0x00007ffa48f30000 - 0x00007ffa48f39000 	C:\windows\SYSTEM32\WSOCK32.dll
0x00007ffa4e1b0000 - 0x00007ffa4e1d2000 	C:\windows\system32\WINMM.dll
0x00007ffa4e530000 - 0x00007ffa4e537000 	C:\windows\system32\PSAPI.DLL
0x00007ffa502b0000 - 0x00007ffa5030a000 	C:\windows\system32\WS2_32.dll
0x00007ffa4e010000 - 0x00007ffa4e03a000 	C:\windows\system32\WINMMBASE.dll
0x00007ffa50550000 - 0x00007ffa50559000 	C:\windows\system32\NSI.dll
0x00007ffa4e1e0000 - 0x00007ffa4e22f000 	C:\windows\SYSTEM32\cfgmgr32.dll
0x00007ffa4dfc0000 - 0x00007ffa4dfe8000 	C:\windows\system32\DEVOBJ.dll
0x00000000722a0000 - 0x00000000722af000 	D:\MyEclipse Professional 2014\binary\com.sun.java.jdk7.win32.x86_64_1.7.0.u45\jre\bin\verify.dll
0x0000000072270000 - 0x0000000072298000 	D:\MyEclipse Professional 2014\binary\com.sun.java.jdk7.win32.x86_64_1.7.0.u45\jre\bin\java.dll
0x0000000072400000 - 0x0000000072435000 	D:\MyEclipse Professional 2014\binary\com.sun.java.jdk7.win32.x86_64_1.7.0.u45\jre\bin\jdwp.dll
0x00000000723f0000 - 0x00000000723f8000 	D:\MyEclipse Professional 2014\binary\com.sun.java.jdk7.win32.x86_64_1.7.0.u45\jre\bin\npt.dll
0x0000000072250000 - 0x0000000072265000 	D:\MyEclipse Professional 2014\binary\com.sun.java.jdk7.win32.x86_64_1.7.0.u45\jre\bin\zip.dll
0x00000000723e0000 - 0x00000000723e9000 	D:\MyEclipse Professional 2014\binary\com.sun.java.jdk7.win32.x86_64_1.7.0.u45\jre\bin\dt_socket.dll
0x00007ffa3ae20000 - 0x00007ffa3ae35000 	C:\windows\system32\napinsp.dll
0x00007ffa3adb0000 - 0x00007ffa3adca000 	C:\windows\system32\pnrpnsp.dll
0x00007ffa49c50000 - 0x00007ffa49c6b000 	C:\windows\system32\NLAapi.dll
0x00007ffa4d7f0000 - 0x00007ffa4d849000 	C:\windows\System32\mswsock.dll
0x00007ffa4d5f0000 - 0x00007ffa4d694000 	C:\windows\SYSTEM32\DNSAPI.dll
0x00007ffa3ada0000 - 0x00007ffa3adad000 	C:\windows\System32\winrnr.dll
0x00007ffa3ad80000 - 0x00007ffa3ad94000 	C:\windows\system32\wshbth.dll
0x00007ffa48300000 - 0x00007ffa4836b000 	C:\windows\System32\fwpuclnt.dll
0x00007ffa48450000 - 0x00007ffa4845a000 	C:\Windows\System32\rasadhlp.dll
0x00007ffa48f40000 - 0x00007ffa490c9000 	C:\windows\SYSTEM32\dbghelp.dll

VM Arguments:
jvm_args: -agentlib:jdwp=transport=dt_socket,suspend=y,address=localhost:59421 -Dfile.encoding=GBK 
java_command: java语言.对接.脚本.FileUtils
Launcher Type: SUN_STANDARD

Environment Variables:
JAVA_HOME=D:\Java\jdk
CLASSPATH= .;D:\Java\jdk\lib;D:\Java\jdk\lib\tools.jar
PATH=D:\MyEclipse Professional 2014\binary\com.sun.java.jdk7.win32.x86_64_1.7.0.u45\jre\bin;D:\oracle\app\oracle\product\11.2.0\server\bin;;C:\ProgramData\Oracle\Java\javapath;C:\Program Files (x86)\Intel\iCLS Client\;C:\Program Files\Intel\iCLS Client\;C:\windows\system32;C:\windows;C:\windows\System32\Wbem;C:\windows\System32\WindowsPowerShell\v1.0\;C:\Program Files\Intel\Intel(R) Management Engine Components\DAL;C:\Program Files (x86)\Intel\Intel(R) Management Engine Components\DAL;C:\Program Files\Intel\Intel(R) Management Engine Components\IPT;C:\Program Files (x86)\Intel\Intel(R) Management Engine Components\IPT;C:\Program Files\Intel\WiFi\bin\;C:\Program Files\Common Files\Intel\WirelessCommon\;C:\Program Files (x86)\Common Files\lenovo\easyplussdk\bin;C:\ProgramData\Lenovo\ReadyApps;D:\Java\jdk\bin;D:\Java\jdk\jre\bin;D:\SVN\bin;C:\Program Files\nodejs\;C:\Users\wang\AppData\Roaming\npm
USERNAME=wang
OS=Windows_NT
PROCESSOR_IDENTIFIER=Intel64 Family 6 Model 69 Stepping 1, GenuineIntel



---------------  S Y S T E M  ---------------

OS: Windows 8 , 64 bit Build 9200 

CPU:total 4 (2 cores per cpu, 2 threads per core) family 6 model 69 stepping 1, cmov, cx8, fxsr, mmx, sse, sse2, sse3, ssse3, sse4.1, sse4.2, popcnt, avx, avx2, erms, ht, tsc, tscinvbit

Memory: 4k page, physical 4071412k(524224k free), swap 7692388k(3463420k free)

vm_info: Java HotSpot(TM) 64-Bit Server VM (24.45-b08) for windows-amd64 JRE (1.7.0_45-b18), built on Oct  8 2013 05:47:22 by "java_re" with unknown MS VC++:1600

time: Tue Feb 02 11:00:48 2016
elapsed time: 2615 seconds

